/*C3*/SET SCHEMA PUBLIC
DROP TABLE ITEM
DROP TABLE ITEMGROUP
DROP TABLE "ITEM" IF EXISTS
DROP TABLE "ITEMGROUP" IF EXISTS
CREATE TABLE "ITEMGROUP" (ID INTEGER GENERATED BY DEFAULT AS IDENTITY PRIMARY KEY,                       TITLE VARCHAR(100) UNIQUE NOT NULL)
CREATE TABLE "ITEM" (ID INTEGER GENERATED BY DEFAULT AS IDENTITY PRIMARY KEY,                       TITLE VARCHAR(100) UNIQUE NOT NULL, GROUPID INTEGER NOT NULL)
\u0009\u0009\u0009\u0009\u0009   ALTER TABLE "ITEM" ADD CONSTRAINT fk_itemgroup FOREIGN KEY (GROUPID) REFERENCES "ITEMGROUP"(ID) ON DELETE CASCADE ON UPDATE CASCADE
INSERT INTO "ITEMGROUP" VALUES(0,'\u042d\u0440\u0438\u0445 \u041c\u0430\u0440\u0438\u044f \u0420\u0435\u043c\u0430\u0440\u043a')
COMMIT
INSERT INTO "ITEMGROUP" VALUES(1,'\u0414\u0436\u043e\u0430\u043d \u0420\u043e\u0443\u043b\u0438\u043d\u0433')
COMMIT
INSERT INTO "ITEMGROUP" VALUES(2,'\u041b\u0435\u0432 \u0422\u043e\u043b\u0441\u0442\u043e\u0439')
COMMIT
INSERT INTO "ITEM" VALUES(0,'\u0416\u0438\u0437\u043d\u044c \u0432\u0437\u0430\u0439\u043c\u044b',0)
COMMIT
INSERT INTO "ITEM" VALUES(1,'\u0422\u0440\u0438 \u0442\u043e\u0432\u0430\u0440\u0438\u0449\u0430',0)
COMMIT
INSERT INTO "ITEM" VALUES(2,'\u0413\u0430\u0440\u0440\u0438 \u041f\u043e\u0442\u0442\u0435\u0440 \u0438 \u0444\u0438\u043b\u043e\u0441\u043e\u0444\u0441\u043a\u0438\u0439 \u043a\u0430\u043c\u0435\u043d\u044c',1)
COMMIT
INSERT INTO "ITEM" VALUES(3,'\u0424\u0430\u043d\u0442\u0430\u0441\u0442\u0438\u0447\u0435\u0441\u043a\u0438\u0435 \u0437\u0432\u0435\u0440\u0438 \u0438 \u043c\u0435\u0441\u0442\u0430 \u0438\u0445 \u043e\u0431\u0438\u0442\u0430\u043d\u0438\u044f',1)
COMMIT
INSERT INTO "ITEM" VALUES(4,'\u0412\u043e\u0441\u043a\u0440\u0435\u0441\u0435\u043d\u0438\u0435',2)
COMMIT
INSERT INTO "ITEM" VALUES(5,'\u0412\u043e\u0439\u043d\u0430 \u0438 \u043c\u0438\u0440',2)
COMMIT
INSERT INTO "ITEM" VALUES(6,'\u041f\u043e\u0441\u043b\u0435 \u0431\u0430\u043b\u0430',2)
COMMIT
DELETE FROM "ITEM" WHERE ID=4
COMMIT
INSERT INTO "ITEMGROUP" VALUES(3,'\u0410\u0433\u0430\u0442\u0430 \u041a\u0440\u0438\u0441\u0442\u0438')
COMMIT
DISCONNECT
